TN:
SF:controllers/activitiesController.mjs
FN:19,(anonymous_0)
FN:99,(anonymous_1)
FN:149,(anonymous_2)
FN:161,(anonymous_3)
FN:208,(anonymous_4)
FN:235,(anonymous_5)
FN:251,(anonymous_6)
FN:293,(anonymous_7)
FN:345,(anonymous_8)
FN:373,(anonymous_9)
FN:382,(anonymous_10)
FNF:11
FNH:8
FNDA:12,(anonymous_0)
FNDA:4,(anonymous_1)
FNDA:12,(anonymous_2)
FNDA:108,(anonymous_3)
FNDA:0,(anonymous_4)
FNDA:1,(anonymous_5)
FNDA:9,(anonymous_6)
FNDA:42,(anonymous_7)
FNDA:0,(anonymous_8)
FNDA:0,(anonymous_9)
FNDA:7,(anonymous_10)
DA:11,7
DA:20,12
DA:22,12
DA:24,12
DA:25,0
DA:36,12
DA:39,12
DA:40,3
DA:44,12
DA:45,2
DA:46,2
DA:47,2
DA:49,2
DA:50,1
DA:55,12
DA:56,2
DA:57,2
DA:58,2
DA:60,2
DA:61,1
DA:66,12
DA:67,12
DA:68,12
DA:71,12
DA:74,12
DA:77,12
DA:84,12
DA:93,0
DA:94,0
DA:100,4
DA:101,4
DA:104,4
DA:105,1
DA:111,3
DA:113,3
DA:114,0
DA:120,3
DA:125,3
DA:126,1
DA:132,2
DA:133,1
DA:138,1
DA:143,0
DA:144,0
DA:150,12
DA:151,12
DA:153,12
DA:154,0
DA:160,12
DA:161,108
DA:163,12
DA:164,1
DA:171,11
DA:172,11
DA:173,1
DA:181,10
DA:182,0
DA:186,10
DA:187,0
DA:193,10
DA:194,0
DA:195,0
DA:201,0
DA:202,0
DA:208,0
DA:209,0
DA:210,0
DA:217,10
DA:222,10
DA:223,10
DA:225,8
DA:232,2
DA:233,1
DA:235,1
DA:239,1
DA:240,1
DA:246,0
DA:252,9
DA:253,9
DA:256,9
DA:257,1
DA:262,8
DA:265,8
DA:267,8
DA:268,1
DA:274,7
DA:275,1
DA:281,6
DA:292,6
DA:293,6
DA:294,42
DA:295,6
DA:300,6
DA:301,2
DA:308,4
DA:309,1
DA:310,1
DA:311,1
DA:319,3
DA:320,1
DA:321,1
DA:322,0
DA:330,3
DA:331,0
DA:332,0
DA:338,0
DA:339,0
DA:345,0
DA:346,0
DA:347,0
DA:354,3
DA:363,3
DA:370,0
DA:371,0
DA:373,0
DA:376,0
DA:377,0
DA:383,7
DA:384,7
DA:387,7
DA:388,1
DA:393,6
DA:396,6
DA:399,6
DA:400,2
DA:406,4
DA:407,1
DA:413,3
DA:414,0
DA:418,3
DA:420,3
DA:426,0
DA:427,0
LF:133
LH:100
BRDA:24,0,0,0
BRDA:24,0,1,12
BRDA:39,1,0,3
BRDA:39,1,1,9
BRDA:44,2,0,2
BRDA:44,2,1,10
BRDA:44,3,0,12
BRDA:44,3,1,10
BRDA:46,4,0,2
BRDA:46,4,1,0
BRDA:49,5,0,1
BRDA:49,5,1,1
BRDA:55,6,0,2
BRDA:55,6,1,10
BRDA:55,7,0,12
BRDA:55,7,1,10
BRDA:57,8,0,2
BRDA:57,8,1,0
BRDA:60,9,0,1
BRDA:60,9,1,1
BRDA:66,10,0,12
BRDA:66,10,1,10
BRDA:67,11,0,12
BRDA:67,11,1,9
BRDA:71,12,0,12
BRDA:71,12,1,10
BRDA:104,13,0,1
BRDA:104,13,1,3
BRDA:113,14,0,0
BRDA:113,14,1,3
BRDA:125,15,0,1
BRDA:125,15,1,2
BRDA:132,16,0,1
BRDA:132,16,1,1
BRDA:153,17,0,0
BRDA:153,17,1,12
BRDA:163,18,0,1
BRDA:163,18,1,11
BRDA:172,19,0,1
BRDA:172,19,1,10
BRDA:181,20,0,0
BRDA:181,20,1,10
BRDA:181,21,0,10
BRDA:181,21,1,10
BRDA:186,22,0,0
BRDA:186,22,1,10
BRDA:186,23,0,10
BRDA:186,23,1,10
BRDA:193,24,0,0
BRDA:193,24,1,10
BRDA:194,25,0,0
BRDA:194,25,1,0
BRDA:201,26,0,0
BRDA:201,26,1,0
BRDA:208,27,0,0
BRDA:208,27,1,0
BRDA:209,28,0,0
BRDA:209,28,1,0
BRDA:232,29,0,1
BRDA:232,29,1,1
BRDA:239,30,0,1
BRDA:239,30,1,0
BRDA:239,31,0,1
BRDA:239,31,1,1
BRDA:256,32,0,1
BRDA:256,32,1,8
BRDA:267,33,0,1
BRDA:267,33,1,7
BRDA:274,34,0,1
BRDA:274,34,1,6
BRDA:274,35,0,7
BRDA:274,35,1,7
BRDA:294,36,0,6
BRDA:294,36,1,36
BRDA:300,37,0,2
BRDA:300,37,1,4
BRDA:308,38,0,1
BRDA:308,38,1,3
BRDA:310,39,0,1
BRDA:310,39,1,0
BRDA:319,40,0,1
BRDA:319,40,1,2
BRDA:321,41,0,0
BRDA:321,41,1,1
BRDA:330,42,0,0
BRDA:330,42,1,3
BRDA:331,43,0,0
BRDA:331,43,1,0
BRDA:338,44,0,0
BRDA:338,44,1,0
BRDA:345,45,0,0
BRDA:345,45,1,0
BRDA:346,46,0,0
BRDA:346,46,1,0
BRDA:370,47,0,0
BRDA:370,47,1,0
BRDA:387,48,0,1
BRDA:387,48,1,6
BRDA:399,49,0,2
BRDA:399,49,1,4
BRDA:406,50,0,1
BRDA:406,50,1,3
BRDA:406,51,0,4
BRDA:406,51,1,4
BRDA:413,52,0,0
BRDA:413,52,1,3
BRF:106
BRH:75
end_of_record
TN:
SF:controllers/authController.mjs
FN:6,(anonymous_0)
FN:45,(anonymous_1)
FNF:2
FNH:2
FNDA:3,(anonymous_0)
FNDA:4,(anonymous_1)
DA:5,7
DA:7,3
DA:8,3
DA:10,2
DA:11,1
DA:16,1
DA:17,1
DA:19,1
DA:27,1
DA:34,2
DA:35,1
DA:37,1
DA:39,2
DA:46,4
DA:47,4
DA:49,3
DA:50,1
DA:53,2
DA:54,2
DA:55,1
DA:58,1
DA:60,1
DA:62,3
DA:64,3
DA:65,2
DA:68,3
LF:26
LH:26
BRDA:10,0,0,1
BRDA:10,0,1,1
BRDA:34,1,0,1
BRDA:34,1,1,1
BRDA:49,2,0,1
BRDA:49,2,1,2
BRDA:54,3,0,1
BRDA:54,3,1,1
BRDA:64,4,0,2
BRDA:64,4,1,1
BRF:10
BRH:10
end_of_record
TN:
SF:controllers/usersController.mjs
FN:2,(anonymous_0)
FNF:1
FNH:0
FNDA:0,(anonymous_0)
DA:3,0
LF:1
LH:0
BRF:0
BRH:0
end_of_record
TN:
SF:middleware/jwtAuthenticate.mjs
FN:3,(anonymous_0)
FNF:1
FNH:1
FNDA:54,(anonymous_0)
DA:3,8
DA:5,54
DA:6,54
DA:7,6
DA:10,48
DA:11,48
DA:12,1
DA:15,47
DA:17,47
DA:18,47
DA:19,45
DA:20,45
DA:22,2
LF:13
LH:13
BRDA:6,0,0,6
BRDA:6,0,1,48
BRDA:11,1,0,1
BRDA:11,1,1,47
BRF:4
BRH:4
end_of_record
TN:
SF:middleware/auth/validateEmail.mjs
FN:6,(anonymous_0)
FNF:1
FNH:1
FNDA:27,(anonymous_0)
DA:3,8
DA:6,8
DA:7,27
DA:9,27
DA:10,5
DA:13,22
DA:14,18
DA:16,4
LF:8
LH:8
BRDA:9,0,0,5
BRDA:9,0,1,22
BRDA:13,1,0,18
BRDA:13,1,1,4
BRF:4
BRH:4
end_of_record
TN:
SF:middleware/auth/validateFirstname.mjs
FN:1,(anonymous_0)
FNF:1
FNH:1
FNDA:11,(anonymous_0)
DA:1,8
DA:2,11
DA:4,11
DA:5,2
DA:8,9
DA:9,7
DA:11,2
LF:7
LH:7
BRDA:4,0,0,2
BRDA:4,0,1,9
BRDA:8,1,0,7
BRDA:8,1,1,2
BRF:4
BRH:4
end_of_record
TN:
SF:middleware/auth/validateLastname.mjs
FN:1,(anonymous_0)
FNF:1
FNH:1
FNDA:9,(anonymous_0)
DA:1,8
DA:2,9
DA:4,9
DA:5,2
DA:8,7
DA:9,5
DA:11,2
LF:7
LH:7
BRDA:4,0,0,2
BRDA:4,0,1,7
BRDA:8,1,0,5
BRDA:8,1,1,2
BRF:4
BRH:4
end_of_record
TN:
SF:middleware/auth/validatePassword.mjs
FN:1,(anonymous_0)
FNF:1
FNH:1
FNDA:21,(anonymous_0)
DA:1,8
DA:2,21
DA:4,21
DA:5,3
DA:8,18
DA:9,15
DA:11,3
LF:7
LH:7
BRDA:4,0,0,3
BRDA:4,0,1,18
BRDA:8,1,0,15
BRDA:8,1,1,3
BRF:4
BRH:4
end_of_record
TN:
SF:middleware/auth/validateUsername.mjs
FN:1,(anonymous_0)
FNF:1
FNH:1
FNDA:13,(anonymous_0)
DA:1,8
DA:2,13
DA:4,13
DA:5,2
DA:8,11
DA:9,9
DA:11,2
LF:7
LH:7
BRDA:4,0,0,2
BRDA:4,0,1,11
BRDA:8,1,0,9
BRDA:8,1,1,2
BRF:4
BRH:4
end_of_record
TN:
SF:models/ActivitySchema.mjs
FN:55,(anonymous_0)
FN:109,(anonymous_1)
FN:118,(anonymous_2)
FNF:3
FNH:3
FNDA:24,(anonymous_0)
FNDA:25,(anonymous_1)
FNDA:23,(anonymous_2)
DA:2,8
DA:4,8
DA:56,24
DA:99,8
DA:102,8
DA:103,8
DA:106,8
DA:109,8
DA:110,25
DA:111,1
DA:113,24
DA:118,8
DA:119,23
DA:120,23
LF:14
LH:14
BRDA:110,0,0,1
BRDA:110,0,1,24
BRF:2
BRH:2
end_of_record
TN:
SF:models/ActivityTraceGPSSchema.mjs
FNF:0
FNH:0
DA:2,7
DA:4,7
LF:2
LH:2
BRF:0
BRH:0
end_of_record
TN:
SF:models/MonthlyRecapSchema.mjs
FN:28,(anonymous_0)
FNF:1
FNH:0
FNDA:0,(anonymous_0)
DA:2,0
DA:4,0
DA:22,0
DA:25,0
DA:28,0
DA:29,0
DA:30,0
LF:7
LH:0
BRF:0
BRH:0
end_of_record
TN:
SF:models/PersonalRecordsSchema.mjs
FN:30,(anonymous_0)
FNF:1
FNH:0
FNDA:0,(anonymous_0)
DA:2,0
DA:4,0
DA:24,0
DA:27,0
DA:30,0
DA:31,0
DA:32,0
LF:7
LH:0
BRF:0
BRH:0
end_of_record
TN:
SF:models/UsersSchema.mjs
FN:50,(anonymous_0)
FN:59,transformJsonUser
FNF:2
FNH:1
FNDA:12,(anonymous_0)
FNDA:0,transformJsonUser
DA:2,8
DA:4,8
DA:50,8
DA:51,12
DA:52,12
DA:55,8
DA:60,0
DA:61,0
LF:8
LH:6
BRF:0
BRH:0
end_of_record
TN:
SF:routes/activitiesRoutes.mjs
FNF:0
FNH:0
DA:5,7
DA:13,7
DA:16,7
DA:19,7
DA:22,7
DA:25,7
LF:6
LH:6
BRF:0
BRH:0
end_of_record
TN:
SF:routes/authRoutes.mjs
FNF:0
FNH:0
DA:13,7
DA:15,7
DA:16,7
LF:3
LH:3
BRF:0
BRH:0
end_of_record
TN:
SF:routes/usersRoutes.mjs
FN:5,(anonymous_0)
FNF:1
FNH:0
FNDA:0,(anonymous_0)
DA:3,7
DA:5,7
DA:6,0
LF:3
LH:2
BRF:0
BRH:0
end_of_record
TN:
SF:services/jwtServices.mjs
FN:4,(anonymous_0)
FN:13,(anonymous_1)
FN:30,(anonymous_2)
FN:41,(anonymous_3)
FNF:4
FNH:3
FNDA:48,(anonymous_0)
FNDA:1,(anonymous_1)
FNDA:47,(anonymous_2)
FNDA:0,(anonymous_3)
DA:4,8
DA:5,48
DA:6,48
DA:7,0
DA:9,48
DA:12,8
DA:14,1
DA:16,1
DA:17,1
DA:19,1
DA:20,1
DA:24,1
DA:26,0
DA:31,47
DA:33,47
DA:34,47
DA:35,45
DA:37,2
LF:18
LH:16
BRDA:6,0,0,0
BRDA:6,0,1,48
BRF:2
BRH:1
end_of_record
